<testsuite failures="0" name="all.feature" skipped="0" tests="2" time="25.290025">
  <testcase classname="all" name="using { type: 'chrome' }" time="13.875425">
    <system-out>* def webUrlBase = "http://localhost:8999" ................................ passed
* def config = { type: 'chrome' } ......................................... passed
* set config.showDriverLog = true ......................................... passed
* configure driver = config ............................................... passed
Given driver webUrlBase + '/page-01' ...................................... passed
And waitFor('#eg01WaitId') ................................................ passed
And waitForText('#eg01WaitId', 'APPEARED') ................................ passed
And waitForText('body', 'APPEARED') ....................................... passed
And waitForEnabled('#eg01WaitId') ......................................... passed
And waitUntil('#eg01WaitId', "function(e){ return e.innerHTML == 'APPEARED!' }") . passed
And waitUntil('#eg01WaitId', "_.innerHTML == 'APPEARED!'") ................ passed
And waitUntil('#eg01WaitId', '!_.disabled') ............................... passed
And match script('#eg01WaitId', "function(e){ return e.innerHTML }") == 'APPEARED!' . passed
And match script('#eg01WaitId', '_.innerHTML') == 'APPEARED!' ............. passed
And match script('#eg01WaitId', '!_.disabled') == true .................... passed
And input('#eg02InputId', Key.CONTROL + 'a') .............................. passed
And def temp = text('#eg02DivId') ......................................... passed
And match temp contains '17d' ............................................. passed
And match temp contains '65u' ............................................. passed
And script('#eg02DivId', "_.innerHTML = ''") .............................. passed
When input('#eg02InputId', 'aa') .......................................... passed
Then def temp = text('#eg02DivId') ........................................ passed
And match temp contains '65u' ............................................. passed
* def cookie1 = { name: 'foo', value: 'bar' } ............................. passed
And match driver.cookies contains '#(^cookie1)' ........................... passed
And match cookie('foo') contains cookie1 .................................. passed
And driver.dimensions = { x: 0, y: 0, width: 300, height: 800 } ........... passed
And input('#eg01InputId', 'hello world') .................................. passed
When click('input[name=eg01SubmitName]') .................................. passed
And match value('#eg01InputId') == 'hello world' .......................... passed
Then match text('#eg01DivId') == 'hello world' ............................ passed
And match attribute('#eg01SubmitId', 'type') == 'submit' .................. passed
And match script('#eg01SubmitId', '_.tagName') == 'INPUT' ................. passed
And match enabled('#eg01InputId') == true ................................. passed
And match enabled('#eg01DisabledId') == false ............................. passed
When clear('#eg01InputId') ................................................ passed
And input('#eg01InputId', 'something else') ............................... passed
And match value('#eg01InputId') == 'something else' ....................... passed
When value('#eg01InputId', 'something more') .............................. passed
And match value('#eg01InputId') == 'something more' ....................... passed
When refresh() ............................................................ passed
Then match driver.url == webUrlBase + '/page-01' .......................... passed
And match text('#eg01DivId') == '' ........................................ passed
And match value('#eg01InputId') == '' ..................................... passed
And match driver.title == 'Page One' ...................................... passed
When driver webUrlBase + '/page-02' ....................................... passed
Then match text('.eg01Cls') == 'Class Locator Test' ....................... passed
And match html('.eg01Cls') == '&lt;div class="eg01Cls" style="background-color: yellow"&gt;&lt;span&gt;Class Locator Test&lt;/span&gt;&lt;/div&gt;' . passed
And match driver.title == 'Page Two' ...................................... passed
And match driver.url == webUrlBase + '/page-02' ........................... passed
Given def cookie2 = { name: 'hello', value: 'world' } ..................... passed
When cookie(cookie2) ...................................................... passed
Then match driver.cookies contains '#(^cookie2)' .......................... passed
When deleteCookie('foo') .................................................. passed
Then match driver.cookies !contains '#(^cookie1)' ......................... passed
When clearCookies() ....................................................... passed
Then match driver.cookies == '#[0]' ....................................... passed
When back() ............................................................... passed
Then match driver.url == webUrlBase + '/page-01' .......................... passed
And match driver.title == 'Page One' ...................................... passed
When forward() ............................................................ passed
Then match driver.url == webUrlBase + '/page-02' .......................... passed
And match driver.title == 'Page Two' ...................................... passed
* click('{a}Click Me') .................................................... passed
* match text('#eg03Result') == 'A' ........................................ passed
* click('{^span}Me') ...................................................... passed
* match text('#eg03Result') == 'SPAN' ..................................... passed
* click('{div}Click Me') .................................................. passed
* match text('#eg03Result') == 'DIV' ...................................... passed
* click('{^div:2}Click') .................................................. passed
* match text('#eg03Result') == 'SECOND' ................................... passed
* click('{span/a}Click Me') ............................................... passed
* match text('#eg03Result') == 'NESTED' ................................... passed
* click('{:4}Click Me') ................................................... passed
* match text('#eg03Result') == 'BUTTON' ................................... passed
* click("{^button:2}Item") ................................................ passed
* match text('#eg03Result') == 'ITEM2' .................................... passed
* def element = locate('{}Click Me') ...................................... passed
* assert element.exists ................................................... passed
* def elements = locateAll('{}Click Me') .................................. passed
* match karate.sizeOf(elements) == 7 ...................................... passed
* elements.get(6).click() ................................................. passed
* match text('#eg03Result') == 'SECOND' ................................... passed
* match elements.get(3).script('_.tagName') == 'BUTTON' ................... passed
When click('{}Show Alert') ................................................ passed
Then match driver.dialog == 'this is an alert' ............................ passed
And dialog(true) .......................................................... passed
When click('{}Show Confirm') .............................................. passed
Then match driver.dialog == 'this is a confirm' ........................... passed
And dialog(false) ......................................................... passed
And match text('#eg02DivId') == 'Cancel' .................................. passed
When click('{}Show Confirm') .............................................. passed
And dialog(true) .......................................................... passed
And match text('#eg02DivId') == 'OK' ...................................... passed
When click('{}Show Prompt') ............................................... passed
Then match driver.dialog == 'this is a prompt' ............................ passed
And dialog(true, 'hello world') ........................................... passed
And match text('#eg02DivId') == 'hello world' ............................. passed
* screenshot('#eg02DivId') ................................................ passed
* match position('#eg02DivId') contains { x: '#number', y: '#number', width: '#number', height: '#number' } . passed
When click('{}New Tab') ................................................... passed
When switchPage('Page Two') ............................................... passed
Then match driver.title == 'Page Two' ..................................... passed
And match driver.url contains webUrlBase + '/page-02' ..................... passed
When submit().click('{^}Page Three') ...................................... passed
And match driver.title == 'Page Three' .................................... passed
And match driver.url == webUrlBase + '/page-03' ........................... passed
When def list = scriptAll('div#eg01 div', '_.innerHTML') .................. passed
Then match list == '#[4]' ................................................. passed
And match each list contains '@@data' ..................................... passed
When def list = waitForResultCount('div#eg01 div', 4) ..................... passed
Then match list == '#[4]' ................................................. passed
When def list = waitForResultCount('div#eg01 div', 4, '_.innerHTML') ...... passed
Then match list == '#[4]' ................................................. passed
And match each list contains '@@data' ..................................... passed
When def list = scriptAll('//option', '_.innerHTML') ...................... passed
Then match list == '#[3]' ................................................. passed
And match each list contains 'Option' ..................................... passed
When def list = scriptAll('div#eg01 div', '_.textContent') ................ passed
Then match list == '#[4]' ................................................. passed
And match each list contains '@@data' ..................................... passed
When def list = scriptAll('div#eg01 div', '_.textContent', function(x){ return x.contains('data2') }) . passed
Then match list == ['@@data2@@'] .......................................... passed
When def list = scriptAll('//option', '_.textContent') .................... passed
Then match list == '#[3]' ................................................. passed
And match each list contains 'Option' ..................................... passed
When def list = scriptAll("input[name='data2']", '_.value') ............... passed
Then match list == '#[3]' ................................................. passed
And match each list contains 'check' ...................................... passed
When def list = scriptAll("//input[@name='data2']", '_.value') ............ passed
Then match list == '#[3]' ................................................. passed
And match each list contains 'check' ...................................... passed
Given select('select[name=data1]', '{}Option Two') ........................ passed
And click('input[value=check2]') .......................................... passed
When submit().click('#eg02SubmitId') ...................................... passed
And match text('#eg01Data1') == 'option2' ................................. passed
And match text('#eg01Data2') == 'check2' .................................. passed
Given select('select[name=data1]', '{^}Two') .............................. passed
And click('[value=check2]') ............................................... passed
And click('[value=check1]') ............................................... passed
When submit().click('#eg02SubmitId') ...................................... passed
And match text('#eg01Data1') == 'option2' ................................. passed
And match text('#eg01Data2') == '["check1","check2"]' ..................... passed
Given select('select[name=data1]', 'option2') ............................. passed
When submit().click('#eg02SubmitId') ...................................... passed
And match text('#eg01Data1') == 'option2' ................................. passed
* leftOf('{}Check Three').click() ......................................... passed
* rightOf('{}Input On Right').input('input right') ........................ passed
* leftOf('{}Input On Left').clear().input('input left') ................... passed
* submit().click('#eg02SubmitId') ......................................... passed
* match text('#eg01Data2') == 'check3' .................................... passed
* match text('#eg01Data3') == 'Some Textinput right' ...................... passed
* match text('#eg01Data4') == 'input left' ................................ passed
* near('{}Go to Page One').click() ........................................ passed
* below('{}Input On Right').input('input below') .......................... passed
* above('{}Input On Left').clear().input('input above') ................... passed
* submit().click('#eg02SubmitId') ......................................... passed
* match text('#eg01Data3') == 'input above' ............................... passed
* match text('#eg01Data4') == 'Some Textinput below' ...................... passed
* above('{}Input On Right').find('{}Go to Page One').click() .............. passed
* waitForUrl('/page-01') .................................................. passed
Given driver webUrlBase + '/page-04' ...................................... passed
And match driver.url == webUrlBase + '/page-04' ........................... passed
And switchFrame(config.type == 'safaridriver' ? '#frame01' : 0) ........... passed
When input('#eg01InputId', 'hello world') ................................. passed
And click('#eg01SubmitId') ................................................ passed
Then match text('#eg01DivId') == 'hello world' ............................ passed
When switchFrame(null) .................................................... passed
Then match text('#eg01DivId') == 'this div is outside the iframe' ......... passed
Given driver webUrlBase + '/page-04' ...................................... passed
And match driver.url == webUrlBase + '/page-04' ........................... passed
And switchFrame('#frame01') ............................................... passed
When input('#eg01InputId', 'hello world') ................................. passed
And click('#eg01SubmitId') ................................................ passed
Then match text('#eg01DivId') == 'hello world' ............................ passed
And switchFrame(null) ..................................................... passed
* mouse('#eg02LeftDivId').go() ............................................ passed
* mouse('#eg02RightDivId').click() ........................................ passed
* mouse().down().move('#eg02LeftDivId').up() .............................. passed
* def temp = text('#eg02ResultDivId') ..................................... passed</system-out>
  </testcase>
  <testcase classname="all" name="using { type: 'chrome', headless: true }" time="11.4146">
    <system-out>* def webUrlBase = "http://localhost:8999" ................................ passed
* def config = { type: 'chrome' } ......................................... passed
* set config.showDriverLog = true ......................................... passed
* configure driver = config ............................................... passed
Given driver webUrlBase + '/page-01' ...................................... passed
And waitFor('#eg01WaitId') ................................................ passed
And waitForText('#eg01WaitId', 'APPEARED') ................................ passed
And waitForText('body', 'APPEARED') ....................................... passed
And waitForEnabled('#eg01WaitId') ......................................... passed
And waitUntil('#eg01WaitId', "function(e){ return e.innerHTML == 'APPEARED!' }") . passed
And waitUntil('#eg01WaitId', "_.innerHTML == 'APPEARED!'") ................ passed
And waitUntil('#eg01WaitId', '!_.disabled') ............................... passed
And match script('#eg01WaitId', "function(e){ return e.innerHTML }") == 'APPEARED!' . passed
And match script('#eg01WaitId', '_.innerHTML') == 'APPEARED!' ............. passed
And match script('#eg01WaitId', '!_.disabled') == true .................... passed
And input('#eg02InputId', Key.CONTROL + 'a') .............................. passed
And def temp = text('#eg02DivId') ......................................... passed
And match temp contains '17d' ............................................. passed
And match temp contains '65u' ............................................. passed
And script('#eg02DivId', "_.innerHTML = ''") .............................. passed
When input('#eg02InputId', 'aa') .......................................... passed
Then def temp = text('#eg02DivId') ........................................ passed
And match temp contains '65u' ............................................. passed
* def cookie1 = { name: 'foo', value: 'bar' } ............................. passed
And match driver.cookies contains '#(^cookie1)' ........................... passed
And match cookie('foo') contains cookie1 .................................. passed
And driver.dimensions = { x: 0, y: 0, width: 300, height: 800 } ........... passed
And input('#eg01InputId', 'hello world') .................................. passed
When click('input[name=eg01SubmitName]') .................................. passed
And match value('#eg01InputId') == 'hello world' .......................... passed
Then match text('#eg01DivId') == 'hello world' ............................ passed
And match attribute('#eg01SubmitId', 'type') == 'submit' .................. passed
And match script('#eg01SubmitId', '_.tagName') == 'INPUT' ................. passed
And match enabled('#eg01InputId') == true ................................. passed
And match enabled('#eg01DisabledId') == false ............................. passed
When clear('#eg01InputId') ................................................ passed
And input('#eg01InputId', 'something else') ............................... passed
And match value('#eg01InputId') == 'something else' ....................... passed
When value('#eg01InputId', 'something more') .............................. passed
And match value('#eg01InputId') == 'something more' ....................... passed
When refresh() ............................................................ passed
Then match driver.url == webUrlBase + '/page-01' .......................... passed
And match text('#eg01DivId') == '' ........................................ passed
And match value('#eg01InputId') == '' ..................................... passed
And match driver.title == 'Page One' ...................................... passed
When driver webUrlBase + '/page-02' ....................................... passed
Then match text('.eg01Cls') == 'Class Locator Test' ....................... passed
And match html('.eg01Cls') == '&lt;div class="eg01Cls" style="background-color: yellow"&gt;&lt;span&gt;Class Locator Test&lt;/span&gt;&lt;/div&gt;' . passed
And match driver.title == 'Page Two' ...................................... passed
And match driver.url == webUrlBase + '/page-02' ........................... passed
Given def cookie2 = { name: 'hello', value: 'world' } ..................... passed
When cookie(cookie2) ...................................................... passed
Then match driver.cookies contains '#(^cookie2)' .......................... passed
When deleteCookie('foo') .................................................. passed
Then match driver.cookies !contains '#(^cookie1)' ......................... passed
When clearCookies() ....................................................... passed
Then match driver.cookies == '#[0]' ....................................... passed
When back() ............................................................... passed
Then match driver.url == webUrlBase + '/page-01' .......................... passed
And match driver.title == 'Page One' ...................................... passed
When forward() ............................................................ passed
Then match driver.url == webUrlBase + '/page-02' .......................... passed
And match driver.title == 'Page Two' ...................................... passed
* click('{a}Click Me') .................................................... passed
* match text('#eg03Result') == 'A' ........................................ passed
* click('{^span}Me') ...................................................... passed
* match text('#eg03Result') == 'SPAN' ..................................... passed
* click('{div}Click Me') .................................................. passed
* match text('#eg03Result') == 'DIV' ...................................... passed
* click('{^div:2}Click') .................................................. passed
* match text('#eg03Result') == 'SECOND' ................................... passed
* click('{span/a}Click Me') ............................................... passed
* match text('#eg03Result') == 'NESTED' ................................... passed
* click('{:4}Click Me') ................................................... passed
* match text('#eg03Result') == 'BUTTON' ................................... passed
* click("{^button:2}Item") ................................................ passed
* match text('#eg03Result') == 'ITEM2' .................................... passed
* def element = locate('{}Click Me') ...................................... passed
* assert element.exists ................................................... passed
* def elements = locateAll('{}Click Me') .................................. passed
* match karate.sizeOf(elements) == 7 ...................................... passed
* elements.get(6).click() ................................................. passed
* match text('#eg03Result') == 'SECOND' ................................... passed
* match elements.get(3).script('_.tagName') == 'BUTTON' ................... passed
When click('{}Show Alert') ................................................ passed
Then match driver.dialog == 'this is an alert' ............................ passed
And dialog(true) .......................................................... passed
When click('{}Show Confirm') .............................................. passed
Then match driver.dialog == 'this is a confirm' ........................... passed
And dialog(false) ......................................................... passed
And match text('#eg02DivId') == 'Cancel' .................................. passed
When click('{}Show Confirm') .............................................. passed
And dialog(true) .......................................................... passed
And match text('#eg02DivId') == 'OK' ...................................... passed
When click('{}Show Prompt') ............................................... passed
Then match driver.dialog == 'this is a prompt' ............................ passed
And dialog(true, 'hello world') ........................................... passed
And match text('#eg02DivId') == 'hello world' ............................. passed
* screenshot('#eg02DivId') ................................................ passed
* match position('#eg02DivId') contains { x: '#number', y: '#number', width: '#number', height: '#number' } . passed
When click('{}New Tab') ................................................... passed
When switchPage('Page Two') ............................................... passed
Then match driver.title == 'Page Two' ..................................... passed
And match driver.url contains webUrlBase + '/page-02' ..................... passed
When submit().click('{^}Page Three') ...................................... passed
And match driver.title == 'Page Three' .................................... passed
And match driver.url == webUrlBase + '/page-03' ........................... passed
When def list = scriptAll('div#eg01 div', '_.innerHTML') .................. passed
Then match list == '#[4]' ................................................. passed
And match each list contains '@@data' ..................................... passed
When def list = waitForResultCount('div#eg01 div', 4) ..................... passed
Then match list == '#[4]' ................................................. passed
When def list = waitForResultCount('div#eg01 div', 4, '_.innerHTML') ...... passed
Then match list == '#[4]' ................................................. passed
And match each list contains '@@data' ..................................... passed
When def list = scriptAll('//option', '_.innerHTML') ...................... passed
Then match list == '#[3]' ................................................. passed
And match each list contains 'Option' ..................................... passed
When def list = scriptAll('div#eg01 div', '_.textContent') ................ passed
Then match list == '#[4]' ................................................. passed
And match each list contains '@@data' ..................................... passed
When def list = scriptAll('div#eg01 div', '_.textContent', function(x){ return x.contains('data2') }) . passed
Then match list == ['@@data2@@'] .......................................... passed
When def list = scriptAll('//option', '_.textContent') .................... passed
Then match list == '#[3]' ................................................. passed
And match each list contains 'Option' ..................................... passed
When def list = scriptAll("input[name='data2']", '_.value') ............... passed
Then match list == '#[3]' ................................................. passed
And match each list contains 'check' ...................................... passed
When def list = scriptAll("//input[@name='data2']", '_.value') ............ passed
Then match list == '#[3]' ................................................. passed
And match each list contains 'check' ...................................... passed
Given select('select[name=data1]', '{}Option Two') ........................ passed
And click('input[value=check2]') .......................................... passed
When submit().click('#eg02SubmitId') ...................................... passed
And match text('#eg01Data1') == 'option2' ................................. passed
And match text('#eg01Data2') == 'check2' .................................. passed
Given select('select[name=data1]', '{^}Two') .............................. passed
And click('[value=check2]') ............................................... passed
And click('[value=check1]') ............................................... passed
When submit().click('#eg02SubmitId') ...................................... passed
And match text('#eg01Data1') == 'option2' ................................. passed
And match text('#eg01Data2') == '["check1","check2"]' ..................... passed
Given select('select[name=data1]', 'option2') ............................. passed
When submit().click('#eg02SubmitId') ...................................... passed
And match text('#eg01Data1') == 'option2' ................................. passed
* leftOf('{}Check Three').click() ......................................... passed
* rightOf('{}Input On Right').input('input right') ........................ passed
* leftOf('{}Input On Left').clear().input('input left') ................... passed
* submit().click('#eg02SubmitId') ......................................... passed
* match text('#eg01Data2') == 'check3' .................................... passed
* match text('#eg01Data3') == 'Some Textinput right' ...................... passed
* match text('#eg01Data4') == 'input left' ................................ passed
* near('{}Go to Page One').click() ........................................ passed
* below('{}Input On Right').input('input below') .......................... passed
* above('{}Input On Left').clear().input('input above') ................... passed
* submit().click('#eg02SubmitId') ......................................... passed
* match text('#eg01Data3') == 'input above' ............................... passed
* match text('#eg01Data4') == 'Some Textinput below' ...................... passed
* above('{}Input On Right').find('{}Go to Page One').click() .............. passed
* waitForUrl('/page-01') .................................................. passed
Given driver webUrlBase + '/page-04' ...................................... passed
And match driver.url == webUrlBase + '/page-04' ........................... passed
And switchFrame(config.type == 'safaridriver' ? '#frame01' : 0) ........... passed
When input('#eg01InputId', 'hello world') ................................. passed
And click('#eg01SubmitId') ................................................ passed
Then match text('#eg01DivId') == 'hello world' ............................ passed
When switchFrame(null) .................................................... passed
Then match text('#eg01DivId') == 'this div is outside the iframe' ......... passed
Given driver webUrlBase + '/page-04' ...................................... passed
And match driver.url == webUrlBase + '/page-04' ........................... passed
And switchFrame('#frame01') ............................................... passed
When input('#eg01InputId', 'hello world') ................................. passed
And click('#eg01SubmitId') ................................................ passed
Then match text('#eg01DivId') == 'hello world' ............................ passed
And switchFrame(null) ..................................................... passed
* mouse('#eg02LeftDivId').go() ............................................ passed
* mouse('#eg02RightDivId').click() ........................................ passed
* mouse().down().move('#eg02LeftDivId').up() .............................. passed
* def temp = text('#eg02ResultDivId') ..................................... passed
* def webUrlBase = "http://localhost:8999" ................................ passed
* def config = { type: 'chrome', headless: true } ......................... passed
* set config.showDriverLog = true ......................................... passed
* configure driver = config ............................................... passed
Given driver webUrlBase + '/page-01' ...................................... passed
And waitFor('#eg01WaitId') ................................................ passed
And waitForText('#eg01WaitId', 'APPEARED') ................................ passed
And waitForText('body', 'APPEARED') ....................................... passed
And waitForEnabled('#eg01WaitId') ......................................... passed
And waitUntil('#eg01WaitId', "function(e){ return e.innerHTML == 'APPEARED!' }") . passed
And waitUntil('#eg01WaitId', "_.innerHTML == 'APPEARED!'") ................ passed
And waitUntil('#eg01WaitId', '!_.disabled') ............................... passed
And match script('#eg01WaitId', "function(e){ return e.innerHTML }") == 'APPEARED!' . passed
And match script('#eg01WaitId', '_.innerHTML') == 'APPEARED!' ............. passed
And match script('#eg01WaitId', '!_.disabled') == true .................... passed
And input('#eg02InputId', Key.CONTROL + 'a') .............................. passed
And def temp = text('#eg02DivId') ......................................... passed
And match temp contains '17d' ............................................. passed
And match temp contains '65u' ............................................. passed
And script('#eg02DivId', "_.innerHTML = ''") .............................. passed
When input('#eg02InputId', 'aa') .......................................... passed
Then def temp = text('#eg02DivId') ........................................ passed
And match temp contains '65u' ............................................. passed
* def cookie1 = { name: 'foo', value: 'bar' } ............................. passed
And match driver.cookies contains '#(^cookie1)' ........................... passed
And match cookie('foo') contains cookie1 .................................. passed
And driver.dimensions = { x: 0, y: 0, width: 300, height: 800 } ........... passed
And input('#eg01InputId', 'hello world') .................................. passed
When click('input[name=eg01SubmitName]') .................................. passed
And match value('#eg01InputId') == 'hello world' .......................... passed
Then match text('#eg01DivId') == 'hello world' ............................ passed
And match attribute('#eg01SubmitId', 'type') == 'submit' .................. passed
And match script('#eg01SubmitId', '_.tagName') == 'INPUT' ................. passed
And match enabled('#eg01InputId') == true ................................. passed
And match enabled('#eg01DisabledId') == false ............................. passed
When clear('#eg01InputId') ................................................ passed
And input('#eg01InputId', 'something else') ............................... passed
And match value('#eg01InputId') == 'something else' ....................... passed
When value('#eg01InputId', 'something more') .............................. passed
And match value('#eg01InputId') == 'something more' ....................... passed
When refresh() ............................................................ passed
Then match driver.url == webUrlBase + '/page-01' .......................... passed
And match text('#eg01DivId') == '' ........................................ passed
And match value('#eg01InputId') == '' ..................................... passed
And match driver.title == 'Page One' ...................................... passed
When driver webUrlBase + '/page-02' ....................................... passed
Then match text('.eg01Cls') == 'Class Locator Test' ....................... passed
And match html('.eg01Cls') == '&lt;div class="eg01Cls" style="background-color: yellow"&gt;&lt;span&gt;Class Locator Test&lt;/span&gt;&lt;/div&gt;' . passed
And match driver.title == 'Page Two' ...................................... passed
And match driver.url == webUrlBase + '/page-02' ........................... passed
Given def cookie2 = { name: 'hello', value: 'world' } ..................... passed
When cookie(cookie2) ...................................................... passed
Then match driver.cookies contains '#(^cookie2)' .......................... passed
When deleteCookie('foo') .................................................. passed
Then match driver.cookies !contains '#(^cookie1)' ......................... passed
When clearCookies() ....................................................... passed
Then match driver.cookies == '#[0]' ....................................... passed
When back() ............................................................... passed
Then match driver.url == webUrlBase + '/page-01' .......................... passed
And match driver.title == 'Page One' ...................................... passed
When forward() ............................................................ passed
Then match driver.url == webUrlBase + '/page-02' .......................... passed
And match driver.title == 'Page Two' ...................................... passed
* click('{a}Click Me') .................................................... passed
* match text('#eg03Result') == 'A' ........................................ passed
* click('{^span}Me') ...................................................... passed
* match text('#eg03Result') == 'SPAN' ..................................... passed
* click('{div}Click Me') .................................................. passed
* match text('#eg03Result') == 'DIV' ...................................... passed
* click('{^div:2}Click') .................................................. passed
* match text('#eg03Result') == 'SECOND' ................................... passed
* click('{span/a}Click Me') ............................................... passed
* match text('#eg03Result') == 'NESTED' ................................... passed
* click('{:4}Click Me') ................................................... passed
* match text('#eg03Result') == 'BUTTON' ................................... passed
* click("{^button:2}Item") ................................................ passed
* match text('#eg03Result') == 'ITEM2' .................................... passed
* def element = locate('{}Click Me') ...................................... passed
* assert element.exists ................................................... passed
* def elements = locateAll('{}Click Me') .................................. passed
* match karate.sizeOf(elements) == 7 ...................................... passed
* elements.get(6).click() ................................................. passed
* match text('#eg03Result') == 'SECOND' ................................... passed
* match elements.get(3).script('_.tagName') == 'BUTTON' ................... passed
When click('{}Show Alert') ................................................ passed
Then match driver.dialog == 'this is an alert' ............................ passed
And dialog(true) .......................................................... passed
When click('{}Show Confirm') .............................................. passed
Then match driver.dialog == 'this is a confirm' ........................... passed
And dialog(false) ......................................................... passed
And match text('#eg02DivId') == 'Cancel' .................................. passed
When click('{}Show Confirm') .............................................. passed
And dialog(true) .......................................................... passed
And match text('#eg02DivId') == 'OK' ...................................... passed
When click('{}Show Prompt') ............................................... passed
Then match driver.dialog == 'this is a prompt' ............................ passed
And dialog(true, 'hello world') ........................................... passed
And match text('#eg02DivId') == 'hello world' ............................. passed
* screenshot('#eg02DivId') ................................................ passed
* match position('#eg02DivId') contains { x: '#number', y: '#number', width: '#number', height: '#number' } . passed
When click('{}New Tab') ................................................... passed
When switchPage('Page Two') ............................................... passed
Then match driver.title == 'Page Two' ..................................... passed
And match driver.url contains webUrlBase + '/page-02' ..................... passed
When submit().click('{^}Page Three') ...................................... passed
And match driver.title == 'Page Three' .................................... passed
And match driver.url == webUrlBase + '/page-03' ........................... passed
When def list = scriptAll('div#eg01 div', '_.innerHTML') .................. passed
Then match list == '#[4]' ................................................. passed
And match each list contains '@@data' ..................................... passed
When def list = waitForResultCount('div#eg01 div', 4) ..................... passed
Then match list == '#[4]' ................................................. passed
When def list = waitForResultCount('div#eg01 div', 4, '_.innerHTML') ...... passed
Then match list == '#[4]' ................................................. passed
And match each list contains '@@data' ..................................... passed
When def list = scriptAll('//option', '_.innerHTML') ...................... passed
Then match list == '#[3]' ................................................. passed
And match each list contains 'Option' ..................................... passed
When def list = scriptAll('div#eg01 div', '_.textContent') ................ passed
Then match list == '#[4]' ................................................. passed
And match each list contains '@@data' ..................................... passed
When def list = scriptAll('div#eg01 div', '_.textContent', function(x){ return x.contains('data2') }) . passed
Then match list == ['@@data2@@'] .......................................... passed
When def list = scriptAll('//option', '_.textContent') .................... passed
Then match list == '#[3]' ................................................. passed
And match each list contains 'Option' ..................................... passed
When def list = scriptAll("input[name='data2']", '_.value') ............... passed
Then match list == '#[3]' ................................................. passed
And match each list contains 'check' ...................................... passed
When def list = scriptAll("//input[@name='data2']", '_.value') ............ passed
Then match list == '#[3]' ................................................. passed
And match each list contains 'check' ...................................... passed
Given select('select[name=data1]', '{}Option Two') ........................ passed
And click('input[value=check2]') .......................................... passed
When submit().click('#eg02SubmitId') ...................................... passed
And match text('#eg01Data1') == 'option2' ................................. passed
And match text('#eg01Data2') == 'check2' .................................. passed
Given select('select[name=data1]', '{^}Two') .............................. passed
And click('[value=check2]') ............................................... passed
And click('[value=check1]') ............................................... passed
When submit().click('#eg02SubmitId') ...................................... passed
And match text('#eg01Data1') == 'option2' ................................. passed
And match text('#eg01Data2') == '["check1","check2"]' ..................... passed
Given select('select[name=data1]', 'option2') ............................. passed
When submit().click('#eg02SubmitId') ...................................... passed
And match text('#eg01Data1') == 'option2' ................................. passed
* leftOf('{}Check Three').click() ......................................... passed
* rightOf('{}Input On Right').input('input right') ........................ passed
* leftOf('{}Input On Left').clear().input('input left') ................... passed
* submit().click('#eg02SubmitId') ......................................... passed
* match text('#eg01Data2') == 'check3' .................................... passed
* match text('#eg01Data3') == 'Some Textinput right' ...................... passed
* match text('#eg01Data4') == 'input left' ................................ passed
* near('{}Go to Page One').click() ........................................ passed
* below('{}Input On Right').input('input below') .......................... passed
* above('{}Input On Left').clear().input('input above') ................... passed
* submit().click('#eg02SubmitId') ......................................... passed
* match text('#eg01Data3') == 'input above' ............................... passed
* match text('#eg01Data4') == 'Some Textinput below' ...................... passed
* above('{}Input On Right').find('{}Go to Page One').click() .............. passed
* waitForUrl('/page-01') .................................................. passed
Given driver webUrlBase + '/page-04' ...................................... passed
And match driver.url == webUrlBase + '/page-04' ........................... passed
And switchFrame(config.type == 'safaridriver' ? '#frame01' : 0) ........... passed
When input('#eg01InputId', 'hello world') ................................. passed
And click('#eg01SubmitId') ................................................ passed
Then match text('#eg01DivId') == 'hello world' ............................ passed
When switchFrame(null) .................................................... passed
Then match text('#eg01DivId') == 'this div is outside the iframe' ......... passed
Given driver webUrlBase + '/page-04' ...................................... passed
And match driver.url == webUrlBase + '/page-04' ........................... passed
And switchFrame('#frame01') ............................................... passed
When input('#eg01InputId', 'hello world') ................................. passed
And click('#eg01SubmitId') ................................................ passed
Then match text('#eg01DivId') == 'hello world' ............................ passed
And switchFrame(null) ..................................................... passed
* mouse('#eg02LeftDivId').go() ............................................ passed
* mouse('#eg02RightDivId').click() ........................................ passed
* mouse().down().move('#eg02LeftDivId').up() .............................. passed
* def temp = text('#eg02ResultDivId') ..................................... passed</system-out>
  </testcase>
</testsuite>
